<?xml version="1.0" encoding="UTF-8"?>
<!-- Generated by org.testng.reporters.JUnitXMLReporter -->
<testsuite ignored="0" hostname="DESKTOP-FCPK6OC" failures="0" tests="2" name="Default test" time="25.839" errors="0" timestamp="2022-12-03T16:35:40 IST">
  <testcase classname="neoStoxTestClasses.ValidateNeoStoxUserName1" name="validateUserID" time="0.779"/>
  <testcase classname="neoStoxTestClasses.ValidateNeoStoxUserName1" name="validateAccountBalance" time="0.406"/>
</testsuite> <!-- Default test -->
